<?xml version="1.0" encoding="UTF-8"?>
<!-- Generated by org.testng.reporters.JUnitXMLReporter -->
<testsuite ignored="0" hostname="Web-QA-56" failures="2" tests="54" name="Test" time="44.122" errors="0" timestamp="2022-05-20T16:42:49 IST">
  <testcase classname="restAssured.testCases.TC001_Get_All_Airlines" name="checkStatusCode" time="0.011"/>
  <testcase classname="restAssured.testCases.TC001_Get_All_Airlines" name="checkResposeBody" time="3.838"/>
  <testcase classname="restAssured.testCases.TC001_Get_All_Airlines" name="checkResponseTime" time="0.006">
    <failure type="java.lang.AssertionError" message="expected [true] but found [false]">
      <![CDATA[java.lang.AssertionError: expected [true] but found [false]
at restAssured.testCases.TC001_Get_All_Airlines.checkResponseTime(TC001_Get_All_Airlines.java:63)
at java.base/java.util.ArrayList.forEach(ArrayList.java:1511)
... Removed 31 stack frames]]>
    </failure>
  </testcase> <!-- checkResponseTime -->
  <testcase classname="restAssured.testCases.TC001_Get_All_Airlines" name="checkstatusLine" time="0.002"/>
  <testcase classname="restAssured.testCases.TC001_Get_All_Airlines" name="checkContentType" time="0.002">
    <failure type="java.lang.AssertionError" message="expected [application/json] but found [application/json; charset=utf-8]">
      <![CDATA[java.lang.AssertionError: expected [application/json] but found [application/json; charset=utf-8]
at restAssured.testCases.TC001_Get_All_Airlines.checkContentType(TC001_Get_All_Airlines.java:83)
at java.base/java.util.ArrayList.forEach(ArrayList.java:1511)
... Removed 33 stack frames]]>
    </failure>
  </testcase> <!-- checkContentType -->
  <testcase classname="restAssured.testCases.TC001_Get_All_Airlines" name="checkContentLenght" time="0.003"/>
  <testcase classname="restAssured.testCases.TC002_Get_Single_Airline_Record" name="checkStatusCode" time="0.004"/>
  <testcase classname="restAssured.testCases.TC002_Get_Single_Airline_Record" name="checkResposeBody" time="0.005"/>
  <testcase classname="restAssured.testCases.TC002_Get_Single_Airline_Record" name="checkResponseTime" time="0.003"/>
  <testcase classname="restAssured.testCases.TC002_Get_Single_Airline_Record" name="checkstatusLine" time="0.001"/>
  <testcase classname="restAssured.testCases.TC002_Get_Single_Airline_Record" name="checkContentType" time="0.001"/>
  <testcase classname="restAssured.testCases.TC002_Get_Single_Airline_Record" name="checkContentLenght" time="0.001"/>
  <testcase classname="restAssured.testCases.TC003_Post_Airline_Record" name="checkStatusCode" time="0.003"/>
  <testcase classname="restAssured.testCases.TC003_Post_Airline_Record" name="checkResposeBody" time="0.032"/>
  <testcase classname="restAssured.testCases.TC003_Post_Airline_Record" name="checkResponseTime" time="0.001"/>
  <testcase classname="restAssured.testCases.TC003_Post_Airline_Record" name="checkstatusLine" time="0.002"/>
  <testcase classname="restAssured.testCases.TC003_Post_Airline_Record" name="checkContentType" time="0.001"/>
  <testcase classname="restAssured.testCases.TC003_Post_Airline_Record" name="checkContentLenght" time="0.003"/>
  <testcase classname="restAssured.testCases.TC004_Get_Passenger_By_ID" name="checkStatusCode" time="0.002"/>
  <testcase classname="restAssured.testCases.TC004_Get_Passenger_By_ID" name="checkResposeBody" time="0.002"/>
  <testcase classname="restAssured.testCases.TC004_Get_Passenger_By_ID" name="checkResponseTime" time="0.001"/>
  <testcase classname="restAssured.testCases.TC004_Get_Passenger_By_ID" name="checkstatusLine" time="0.002"/>
  <testcase classname="restAssured.testCases.TC004_Get_Passenger_By_ID" name="checkContentType" time="0.002"/>
  <testcase classname="restAssured.testCases.TC004_Get_Passenger_By_ID" name="checkContentLenght" time="0.001"/>
  <testcase classname="restAssured.testCases.TC005_Post_Passenger_Record" name="checkStatusCode" time="0.001"/>
  <testcase classname="restAssured.testCases.TC005_Post_Passenger_Record" name="checkResposeBody" time="0.709"/>
  <testcase classname="restAssured.testCases.TC005_Post_Passenger_Record" name="checkResponseTime" time="0.006"/>
  <testcase classname="restAssured.testCases.TC005_Post_Passenger_Record" name="checkstatusLine" time="0.001"/>
  <testcase classname="restAssured.testCases.TC005_Post_Passenger_Record" name="checkContentType" time="0.002"/>
  <testcase classname="restAssured.testCases.TC005_Post_Passenger_Record" name="checkContentLenght" time="0.001"/>
  <testcase classname="restAssured.testCases.TC006_Put_Passenger_By_ID" name="checkStatusCode" time="0.002"/>
  <testcase classname="restAssured.testCases.TC006_Put_Passenger_By_ID" name="checkResposeBody" time="0.023"/>
  <testcase classname="restAssured.testCases.TC006_Put_Passenger_By_ID" name="checkResponseTime" time="0.002"/>
  <testcase classname="restAssured.testCases.TC006_Put_Passenger_By_ID" name="checkstatusLine" time="0.002"/>
  <testcase classname="restAssured.testCases.TC006_Put_Passenger_By_ID" name="checkContentType" time="0.001"/>
  <testcase classname="restAssured.testCases.TC006_Put_Passenger_By_ID" name="checkContentLenght" time="0.001"/>
  <testcase classname="restAssured.testCases.TC007_Patch_Passenger_By_ID" name="checkStatusCode" time="0.003"/>
  <testcase classname="restAssured.testCases.TC007_Patch_Passenger_By_ID" name="checkResposeBody" time="0.019"/>
  <testcase classname="restAssured.testCases.TC007_Patch_Passenger_By_ID" name="checkResponseTime" time="0.001"/>
  <testcase classname="restAssured.testCases.TC007_Patch_Passenger_By_ID" name="checkstatusLine" time="0.003"/>
  <testcase classname="restAssured.testCases.TC007_Patch_Passenger_By_ID" name="checkContentType" time="0.003"/>
  <testcase classname="restAssured.testCases.TC007_Patch_Passenger_By_ID" name="checkContentLenght" time="0.005"/>
  <testcase classname="restAssured.testCases.TC008_Delete_Passenger_By_ID" name="checkStatusCode" time="0.002"/>
  <testcase classname="restAssured.testCases.TC008_Delete_Passenger_By_ID" name="checkResposeBody" time="0.014"/>
  <testcase classname="restAssured.testCases.TC008_Delete_Passenger_By_ID" name="checkResponseTime" time="0.001"/>
  <testcase classname="restAssured.testCases.TC008_Delete_Passenger_By_ID" name="checkstatusLine" time="0.001"/>
  <testcase classname="restAssured.testCases.TC008_Delete_Passenger_By_ID" name="checkContentType" time="0.003"/>
  <testcase classname="restAssured.testCases.TC008_Delete_Passenger_By_ID" name="checkContentLenght" time="0.001"/>
  <testcase classname="restAssured.testCases.TC009_Get_All_Passengers" name="checkStatusCode" time="0.002"/>
  <testcase classname="restAssured.testCases.TC009_Get_All_Passengers" name="checkResposeBody" time="0.03"/>
  <testcase classname="restAssured.testCases.TC009_Get_All_Passengers" name="checkResponseTime" time="0.002"/>
  <testcase classname="restAssured.testCases.TC009_Get_All_Passengers" name="checkstatusLine" time="0.002"/>
  <testcase classname="restAssured.testCases.TC009_Get_All_Passengers" name="checkContentType" time="0.003"/>
  <testcase classname="restAssured.testCases.TC009_Get_All_Passengers" name="checkContentLenght" time="0.003"/>
</testsuite> <!-- Test -->
