<?xml version="1.0" encoding="UTF-8"?>
<!-- Generated by org.testng.reporters.JUnitXMLReporter -->
<testsuite ignored="0" hostname="Web-QA-56" failures="0" tests="8" name="Default test" time="11.301" errors="0" timestamp="2022-05-26T16:50:20 IST">
  <testcase classname="restAssured.testCases.API_Collection_Test" name="createAirlineAPI" time="2.873"/>
  <testcase classname="restAssured.testCases.API_Collection_Test" name="getAirlineByIdAPI" time="1.881"/>
  <testcase classname="restAssured.testCases.API_Collection_Test" name="createPassengerAPI" time="1.479"/>
  <testcase classname="restAssured.testCases.API_Collection_Test" name="getPassengerByIdAPI" time="0.822"/>
  <testcase classname="restAssured.testCases.API_Collection_Test" name="updatePassengerPartialAPI" time="0.832"/>
  <testcase classname="restAssured.testCases.API_Collection_Test" name="updatePassengeFullyAPI" time="0.874"/>
  <testcase classname="restAssured.testCases.API_Collection_Test" name="deletePassenger" time="0.828"/>
  <testcase classname="restAssured.testCases.API_Collection_Test" name="getAllPassengersData" time="0.895"/>
</testsuite> <!-- Default test -->
