<?xml version="1.0" encoding="UTF-8"?>
<testng-results ignored="0" total="1" passed="1" failed="0" skipped="0">
  <reporter-output>
  </reporter-output>
  <suite started-at="2022-05-20T21:41:05 IST" name="Hybrid_Suite" finished-at="2022-05-20T21:41:16 IST" duration-ms="10690">
    <groups>
    </groups>
    <test started-at="2022-05-20T21:41:05 IST" name="Banking_project_test" finished-at="2022-05-20T21:41:16 IST" duration-ms="10690">
      <class name="banking.testCases.TC_LoginTest_001">
        <test-method is-config="true" signature="setup(java.lang.String)[pri:0, instance:banking.testCases.TC_LoginTest_001@49d904ec]" started-at="2022-05-20T21:41:05 IST" name="setup" finished-at="2022-05-20T21:41:13 IST" duration-ms="7775" status="PASS">
          <params>
            <param index="0">
              <value>
                <![CDATA[chrome]]>
              </value>
            </param>
          </params>
          <reporter-output>
          </reporter-output>
        </test-method> <!-- setup -->
        <test-method signature="loginTest()[pri:0, instance:banking.testCases.TC_LoginTest_001@49d904ec]" started-at="2022-05-20T21:41:13 IST" name="loginTest" finished-at="2022-05-20T21:41:15 IST" duration-ms="2430" status="PASS">
          <reporter-output>
          </reporter-output>
        </test-method> <!-- loginTest -->
        <test-method is-config="true" signature="tearDown()[pri:0, instance:banking.testCases.TC_LoginTest_001@49d904ec]" started-at="2022-05-20T21:41:15 IST" name="tearDown" finished-at="2022-05-20T21:41:16 IST" duration-ms="276" status="PASS">
          <reporter-output>
          </reporter-output>
        </test-method> <!-- tearDown -->
      </class> <!-- banking.testCases.TC_LoginTest_001 -->
    </test> <!-- Banking_project_test -->
  </suite> <!-- Hybrid_Suite -->
</testng-results>
