<?xml version="1.0" encoding="UTF-8"?>
<!-- Generated by org.testng.reporters.JUnitXMLReporter -->
<testsuite ignored="0" hostname="Web-QA-56" failures="0" tests="6" name="Test" time="3.197" errors="0" timestamp="2022-05-20T21:51:49 IST">
  <testcase classname="employee.testCases.TC001_Get_All_Employees" name="checkStatusCode" time="0.009"/>
  <testcase classname="employee.testCases.TC001_Get_All_Employees" name="checkResposeBody" time="0.103"/>
  <testcase classname="employee.testCases.TC001_Get_All_Employees" name="checkResponseTime" time="0.004"/>
  <testcase classname="employee.testCases.TC001_Get_All_Employees" name="checkstatusLine" time="0.003"/>
  <testcase classname="employee.testCases.TC001_Get_All_Employees" name="checkContentType" time="0.002"/>
  <testcase classname="employee.testCases.TC001_Get_All_Employees" name="checkContentLenght" time="0.002"/>
</testsuite> <!-- Test -->
