<?xml version="1.0" encoding="UTF-8"?>
<!-- Generated by org.testng.reporters.JUnitXMLReporter -->
<testsuite ignored="0" hostname="Web-QA-56" failures="0" tests="6" name="Default test" time="2.596" errors="0" timestamp="2022-05-10T15:24:52 IST">
  <testcase classname="employee.testCases.TC003_Post_Employee_Record" name="checkStatusCode" time="0.009"/>
  <testcase classname="employee.testCases.TC003_Post_Employee_Record" name="checkResposeBody" time="0.119"/>
  <testcase classname="employee.testCases.TC003_Post_Employee_Record" name="checkResponseTime" time="0.003"/>
  <testcase classname="employee.testCases.TC003_Post_Employee_Record" name="checkstatusLine" time="0.002"/>
  <testcase classname="employee.testCases.TC003_Post_Employee_Record" name="checkContentType" time="0.001"/>
  <testcase classname="employee.testCases.TC003_Post_Employee_Record" name="checkContentLenght" time="0.003"/>
</testsuite> <!-- Default test -->
