<?xml version="1.0" encoding="UTF-8"?>
<testng-results ignored="0" total="54" passed="52" failed="2" skipped="0">
  <reporter-output>
  </reporter-output>
  <suite started-at="2022-05-20T16:42:05 IST" name="Suite" finished-at="2022-05-20T16:42:49 IST" duration-ms="44122">
    <groups>
    </groups>
    <test started-at="2022-05-20T16:42:05 IST" name="Test" finished-at="2022-05-20T16:42:49 IST" duration-ms="44122">
      <class name="restAssured.testCases.TC009_Get_All_Passengers">
        <test-method is-config="true" signature="setup()[pri:0, instance:restAssured.testCases.TC009_Get_All_Passengers@4fb61f4a]" started-at="2022-05-20T16:42:48 IST" name="setup" finished-at="2022-05-20T16:42:48 IST" duration-ms="4" status="PASS">
          <reporter-output>
          </reporter-output>
        </test-method> <!-- setup -->
        <test-method is-config="true" signature="getPassengerData()[pri:0, instance:restAssured.testCases.TC009_Get_All_Passengers@4fb61f4a]" started-at="2022-05-20T16:42:48 IST" name="getPassengerData" finished-at="2022-05-20T16:42:49 IST" duration-ms="755" status="PASS">
          <reporter-output>
          </reporter-output>
        </test-method> <!-- getPassengerData -->
        <test-method signature="checkStatusCode()[pri:1, instance:restAssured.testCases.TC009_Get_All_Passengers@4fb61f4a]" started-at="2022-05-20T16:42:49 IST" name="checkStatusCode" finished-at="2022-05-20T16:42:49 IST" duration-ms="2" status="PASS">
          <reporter-output>
          </reporter-output>
        </test-method> <!-- checkStatusCode -->
        <test-method signature="checkResposeBody()[pri:2, instance:restAssured.testCases.TC009_Get_All_Passengers@4fb61f4a]" started-at="2022-05-20T16:42:49 IST" name="checkResposeBody" finished-at="2022-05-20T16:42:49 IST" depends-on-methods="restAssured.testCases.TC009_Get_All_Passengers.checkStatusCode" duration-ms="30" status="PASS">
          <reporter-output>
          </reporter-output>
        </test-method> <!-- checkResposeBody -->
        <test-method signature="checkResponseTime()[pri:3, instance:restAssured.testCases.TC009_Get_All_Passengers@4fb61f4a]" started-at="2022-05-20T16:42:49 IST" name="checkResponseTime" finished-at="2022-05-20T16:42:49 IST" depends-on-methods="restAssured.testCases.TC009_Get_All_Passengers.checkStatusCode" duration-ms="2" status="PASS">
          <reporter-output>
          </reporter-output>
        </test-method> <!-- checkResponseTime -->
        <test-method signature="checkstatusLine()[pri:4, instance:restAssured.testCases.TC009_Get_All_Passengers@4fb61f4a]" started-at="2022-05-20T16:42:49 IST" name="checkstatusLine" finished-at="2022-05-20T16:42:49 IST" depends-on-methods="restAssured.testCases.TC009_Get_All_Passengers.checkStatusCode" duration-ms="2" status="PASS">
          <reporter-output>
          </reporter-output>
        </test-method> <!-- checkstatusLine -->
        <test-method signature="checkContentType()[pri:5, instance:restAssured.testCases.TC009_Get_All_Passengers@4fb61f4a]" started-at="2022-05-20T16:42:49 IST" name="checkContentType" finished-at="2022-05-20T16:42:49 IST" depends-on-methods="restAssured.testCases.TC009_Get_All_Passengers.checkStatusCode" duration-ms="3" status="PASS">
          <reporter-output>
          </reporter-output>
        </test-method> <!-- checkContentType -->
        <test-method signature="checkContentLenght()[pri:6, instance:restAssured.testCases.TC009_Get_All_Passengers@4fb61f4a]" started-at="2022-05-20T16:42:49 IST" name="checkContentLenght" finished-at="2022-05-20T16:42:49 IST" depends-on-methods="restAssured.testCases.TC009_Get_All_Passengers.checkStatusCode" duration-ms="3" status="PASS">
          <reporter-output>
          </reporter-output>
        </test-method> <!-- checkContentLenght -->
        <test-method is-config="true" signature="terminate()[pri:0, instance:restAssured.testCases.TC009_Get_All_Passengers@4fb61f4a]" started-at="2022-05-20T16:42:49 IST" name="terminate" finished-at="2022-05-20T16:42:49 IST" duration-ms="0" status="PASS">
          <reporter-output>
          </reporter-output>
        </test-method> <!-- terminate -->
      </class> <!-- restAssured.testCases.TC009_Get_All_Passengers -->
      <class name="restAssured.testCases.TC005_Post_Passenger_Record">
        <test-method is-config="true" signature="setup()[pri:0, instance:restAssured.testCases.TC005_Post_Passenger_Record@4f6ee6e4]" started-at="2022-05-20T16:42:44 IST" name="setup" finished-at="2022-05-20T16:42:44 IST" duration-ms="5" status="PASS">
          <reporter-output>
          </reporter-output>
        </test-method> <!-- setup -->
        <test-method is-config="true" signature="createPassenger()[pri:0, instance:restAssured.testCases.TC005_Post_Passenger_Record@4f6ee6e4]" started-at="2022-05-20T16:42:44 IST" name="createPassenger" finished-at="2022-05-20T16:42:45 IST" duration-ms="738" status="PASS">
          <reporter-output>
          </reporter-output>
        </test-method> <!-- createPassenger -->
        <test-method signature="checkStatusCode()[pri:1, instance:restAssured.testCases.TC005_Post_Passenger_Record@4f6ee6e4]" started-at="2022-05-20T16:42:45 IST" name="checkStatusCode" finished-at="2022-05-20T16:42:45 IST" duration-ms="1" status="PASS">
          <reporter-output>
          </reporter-output>
        </test-method> <!-- checkStatusCode -->
        <test-method signature="checkResposeBody()[pri:2, instance:restAssured.testCases.TC005_Post_Passenger_Record@4f6ee6e4]" started-at="2022-05-20T16:42:45 IST" name="checkResposeBody" finished-at="2022-05-20T16:42:46 IST" depends-on-methods="restAssured.testCases.TC005_Post_Passenger_Record.checkStatusCode" duration-ms="709" status="PASS">
          <reporter-output>
          </reporter-output>
        </test-method> <!-- checkResposeBody -->
        <test-method signature="checkResponseTime()[pri:3, instance:restAssured.testCases.TC005_Post_Passenger_Record@4f6ee6e4]" started-at="2022-05-20T16:42:46 IST" name="checkResponseTime" finished-at="2022-05-20T16:42:46 IST" depends-on-methods="restAssured.testCases.TC005_Post_Passenger_Record.checkStatusCode" duration-ms="6" status="PASS">
          <reporter-output>
          </reporter-output>
        </test-method> <!-- checkResponseTime -->
        <test-method signature="checkstatusLine()[pri:4, instance:restAssured.testCases.TC005_Post_Passenger_Record@4f6ee6e4]" started-at="2022-05-20T16:42:46 IST" name="checkstatusLine" finished-at="2022-05-20T16:42:46 IST" depends-on-methods="restAssured.testCases.TC005_Post_Passenger_Record.checkStatusCode" duration-ms="1" status="PASS">
          <reporter-output>
          </reporter-output>
        </test-method> <!-- checkstatusLine -->
        <test-method signature="checkContentType()[pri:5, instance:restAssured.testCases.TC005_Post_Passenger_Record@4f6ee6e4]" started-at="2022-05-20T16:42:46 IST" name="checkContentType" finished-at="2022-05-20T16:42:46 IST" depends-on-methods="restAssured.testCases.TC005_Post_Passenger_Record.checkStatusCode" duration-ms="2" status="PASS">
          <reporter-output>
          </reporter-output>
        </test-method> <!-- checkContentType -->
        <test-method signature="checkContentLenght()[pri:6, instance:restAssured.testCases.TC005_Post_Passenger_Record@4f6ee6e4]" started-at="2022-05-20T16:42:46 IST" name="checkContentLenght" finished-at="2022-05-20T16:42:46 IST" depends-on-methods="restAssured.testCases.TC005_Post_Passenger_Record.checkStatusCode" duration-ms="1" status="PASS">
          <reporter-output>
          </reporter-output>
        </test-method> <!-- checkContentLenght -->
        <test-method is-config="true" signature="terminate()[pri:0, instance:restAssured.testCases.TC005_Post_Passenger_Record@4f6ee6e4]" started-at="2022-05-20T16:42:46 IST" name="terminate" finished-at="2022-05-20T16:42:46 IST" duration-ms="1" status="PASS">
          <reporter-output>
          </reporter-output>
        </test-method> <!-- terminate -->
      </class> <!-- restAssured.testCases.TC005_Post_Passenger_Record -->
      <class name="restAssured.testCases.TC001_Get_All_Airlines">
        <test-method is-config="true" signature="setup()[pri:0, instance:restAssured.testCases.TC001_Get_All_Airlines@7c729a55]" started-at="2022-05-20T16:42:05 IST" name="setup" finished-at="2022-05-20T16:42:05 IST" duration-ms="55" status="PASS">
          <reporter-output>
          </reporter-output>
        </test-method> <!-- setup -->
        <test-method is-config="true" signature="getAirlineData()[pri:0, instance:restAssured.testCases.TC001_Get_All_Airlines@7c729a55]" started-at="2022-05-20T16:42:05 IST" name="getAirlineData" finished-at="2022-05-20T16:42:38 IST" duration-ms="32506" status="PASS">
          <reporter-output>
          </reporter-output>
        </test-method> <!-- getAirlineData -->
        <test-method signature="checkStatusCode()[pri:1, instance:restAssured.testCases.TC001_Get_All_Airlines@7c729a55]" started-at="2022-05-20T16:42:38 IST" name="checkStatusCode" finished-at="2022-05-20T16:42:38 IST" duration-ms="11" status="PASS">
          <reporter-output>
          </reporter-output>
        </test-method> <!-- checkStatusCode -->
        <test-method signature="checkResposeBody()[pri:2, instance:restAssured.testCases.TC001_Get_All_Airlines@7c729a55]" started-at="2022-05-20T16:42:38 IST" name="checkResposeBody" finished-at="2022-05-20T16:42:42 IST" depends-on-methods="restAssured.testCases.TC001_Get_All_Airlines.checkStatusCode" duration-ms="3838" status="PASS">
          <reporter-output>
          </reporter-output>
        </test-method> <!-- checkResposeBody -->
        <test-method signature="checkResponseTime()[pri:3, instance:restAssured.testCases.TC001_Get_All_Airlines@7c729a55]" started-at="2022-05-20T16:42:42 IST" name="checkResponseTime" finished-at="2022-05-20T16:42:42 IST" depends-on-methods="restAssured.testCases.TC001_Get_All_Airlines.checkStatusCode" duration-ms="6" status="FAIL">
          <exception class="java.lang.AssertionError">
            <message>
              <![CDATA[expected [true] but found [false]]]>
            </message>
            <full-stacktrace>
              <![CDATA[java.lang.AssertionError: expected [true] but found [false]
at org.testng.Assert.fail(Assert.java:110)
at org.testng.Assert.failNotEquals(Assert.java:1413)
at org.testng.Assert.assertTrue(Assert.java:56)
at org.testng.Assert.assertTrue(Assert.java:66)
at restAssured.testCases.TC001_Get_All_Airlines.checkResponseTime(TC001_Get_All_Airlines.java:63)
at java.base/jdk.internal.reflect.NativeMethodAccessorImpl.invoke0(Native Method)
at java.base/jdk.internal.reflect.NativeMethodAccessorImpl.invoke(NativeMethodAccessorImpl.java:77)
at java.base/jdk.internal.reflect.DelegatingMethodAccessorImpl.invoke(DelegatingMethodAccessorImpl.java:43)
at java.base/java.lang.reflect.Method.invoke(Method.java:568)
at org.testng.internal.invokers.MethodInvocationHelper.invokeMethod(MethodInvocationHelper.java:135)
at org.testng.internal.invokers.TestInvoker.invokeMethod(TestInvoker.java:673)
at org.testng.internal.invokers.TestInvoker.invokeTestMethod(TestInvoker.java:220)
at org.testng.internal.invokers.MethodRunner.runInSequence(MethodRunner.java:50)
at org.testng.internal.invokers.TestInvoker$MethodInvocationAgent.invoke(TestInvoker.java:945)
at org.testng.internal.invokers.TestInvoker.invokeTestMethods(TestInvoker.java:193)
at org.testng.internal.invokers.TestMethodWorker.invokeTestMethods(TestMethodWorker.java:146)
at org.testng.internal.invokers.TestMethodWorker.run(TestMethodWorker.java:128)
at java.base/java.util.ArrayList.forEach(ArrayList.java:1511)
at org.testng.TestRunner.privateRun(TestRunner.java:808)
at org.testng.TestRunner.run(TestRunner.java:603)
at org.testng.SuiteRunner.runTest(SuiteRunner.java:429)
at org.testng.SuiteRunner.runSequentially(SuiteRunner.java:423)
at org.testng.SuiteRunner.privateRun(SuiteRunner.java:383)
at org.testng.SuiteRunner.run(SuiteRunner.java:326)
at org.testng.SuiteRunnerWorker.runSuite(SuiteRunnerWorker.java:52)
at org.testng.SuiteRunnerWorker.run(SuiteRunnerWorker.java:95)
at org.testng.TestNG.runSuitesSequentially(TestNG.java:1249)
at org.testng.TestNG.runSuitesLocally(TestNG.java:1169)
at org.testng.TestNG.runSuites(TestNG.java:1092)
at org.testng.TestNG.run(TestNG.java:1060)
at org.testng.remote.AbstractRemoteTestNG.run(AbstractRemoteTestNG.java:115)
at org.testng.remote.RemoteTestNG.initAndRun(RemoteTestNG.java:251)
at org.testng.remote.RemoteTestNG.main(RemoteTestNG.java:77)
]]>
            </full-stacktrace>
          </exception> <!-- java.lang.AssertionError -->
          <reporter-output>
          </reporter-output>
        </test-method> <!-- checkResponseTime -->
        <test-method signature="checkstatusLine()[pri:4, instance:restAssured.testCases.TC001_Get_All_Airlines@7c729a55]" started-at="2022-05-20T16:42:42 IST" name="checkstatusLine" finished-at="2022-05-20T16:42:42 IST" depends-on-methods="restAssured.testCases.TC001_Get_All_Airlines.checkStatusCode" duration-ms="2" status="PASS">
          <reporter-output>
          </reporter-output>
        </test-method> <!-- checkstatusLine -->
        <test-method signature="checkContentType()[pri:5, instance:restAssured.testCases.TC001_Get_All_Airlines@7c729a55]" started-at="2022-05-20T16:42:42 IST" name="checkContentType" finished-at="2022-05-20T16:42:42 IST" depends-on-methods="restAssured.testCases.TC001_Get_All_Airlines.checkStatusCode" duration-ms="2" status="FAIL">
          <exception class="java.lang.AssertionError">
            <message>
              <![CDATA[expected [application/json] but found [application/json; charset=utf-8]]]>
            </message>
            <full-stacktrace>
              <![CDATA[java.lang.AssertionError: expected [application/json] but found [application/json; charset=utf-8]
at org.testng.Assert.fail(Assert.java:110)
at org.testng.Assert.failNotEquals(Assert.java:1413)
at org.testng.Assert.assertEqualsImpl(Assert.java:149)
at org.testng.Assert.assertEquals(Assert.java:131)
at org.testng.Assert.assertEquals(Assert.java:655)
at org.testng.Assert.assertEquals(Assert.java:665)
at restAssured.testCases.TC001_Get_All_Airlines.checkContentType(TC001_Get_All_Airlines.java:83)
at java.base/jdk.internal.reflect.NativeMethodAccessorImpl.invoke0(Native Method)
at java.base/jdk.internal.reflect.NativeMethodAccessorImpl.invoke(NativeMethodAccessorImpl.java:77)
at java.base/jdk.internal.reflect.DelegatingMethodAccessorImpl.invoke(DelegatingMethodAccessorImpl.java:43)
at java.base/java.lang.reflect.Method.invoke(Method.java:568)
at org.testng.internal.invokers.MethodInvocationHelper.invokeMethod(MethodInvocationHelper.java:135)
at org.testng.internal.invokers.TestInvoker.invokeMethod(TestInvoker.java:673)
at org.testng.internal.invokers.TestInvoker.invokeTestMethod(TestInvoker.java:220)
at org.testng.internal.invokers.MethodRunner.runInSequence(MethodRunner.java:50)
at org.testng.internal.invokers.TestInvoker$MethodInvocationAgent.invoke(TestInvoker.java:945)
at org.testng.internal.invokers.TestInvoker.invokeTestMethods(TestInvoker.java:193)
at org.testng.internal.invokers.TestMethodWorker.invokeTestMethods(TestMethodWorker.java:146)
at org.testng.internal.invokers.TestMethodWorker.run(TestMethodWorker.java:128)
at java.base/java.util.ArrayList.forEach(ArrayList.java:1511)
at org.testng.TestRunner.privateRun(TestRunner.java:808)
at org.testng.TestRunner.run(TestRunner.java:603)
at org.testng.SuiteRunner.runTest(SuiteRunner.java:429)
at org.testng.SuiteRunner.runSequentially(SuiteRunner.java:423)
at org.testng.SuiteRunner.privateRun(SuiteRunner.java:383)
at org.testng.SuiteRunner.run(SuiteRunner.java:326)
at org.testng.SuiteRunnerWorker.runSuite(SuiteRunnerWorker.java:52)
at org.testng.SuiteRunnerWorker.run(SuiteRunnerWorker.java:95)
at org.testng.TestNG.runSuitesSequentially(TestNG.java:1249)
at org.testng.TestNG.runSuitesLocally(TestNG.java:1169)
at org.testng.TestNG.runSuites(TestNG.java:1092)
at org.testng.TestNG.run(TestNG.java:1060)
at org.testng.remote.AbstractRemoteTestNG.run(AbstractRemoteTestNG.java:115)
at org.testng.remote.RemoteTestNG.initAndRun(RemoteTestNG.java:251)
at org.testng.remote.RemoteTestNG.main(RemoteTestNG.java:77)
]]>
            </full-stacktrace>
          </exception> <!-- java.lang.AssertionError -->
          <reporter-output>
          </reporter-output>
        </test-method> <!-- checkContentType -->
        <test-method signature="checkContentLenght()[pri:6, instance:restAssured.testCases.TC001_Get_All_Airlines@7c729a55]" started-at="2022-05-20T16:42:42 IST" name="checkContentLenght" finished-at="2022-05-20T16:42:42 IST" depends-on-methods="restAssured.testCases.TC001_Get_All_Airlines.checkStatusCode" duration-ms="3" status="PASS">
          <reporter-output>
          </reporter-output>
        </test-method> <!-- checkContentLenght -->
        <test-method is-config="true" signature="terminate()[pri:0, instance:restAssured.testCases.TC001_Get_All_Airlines@7c729a55]" started-at="2022-05-20T16:42:42 IST" name="terminate" finished-at="2022-05-20T16:42:42 IST" duration-ms="2" status="PASS">
          <reporter-output>
          </reporter-output>
        </test-method> <!-- terminate -->
      </class> <!-- restAssured.testCases.TC001_Get_All_Airlines -->
      <class name="restAssured.testCases.TC008_Delete_Passenger_By_ID">
        <test-method is-config="true" signature="setup()[pri:0, instance:restAssured.testCases.TC008_Delete_Passenger_By_ID@3e58a80e]" started-at="2022-05-20T16:42:47 IST" name="setup" finished-at="2022-05-20T16:42:47 IST" duration-ms="5" status="PASS">
          <reporter-output>
          </reporter-output>
        </test-method> <!-- setup -->
        <test-method is-config="true" signature="deletePassenger()[pri:0, instance:restAssured.testCases.TC008_Delete_Passenger_By_ID@3e58a80e]" started-at="2022-05-20T16:42:47 IST" name="deletePassenger" finished-at="2022-05-20T16:42:48 IST" duration-ms="736" status="PASS">
          <reporter-output>
          </reporter-output>
        </test-method> <!-- deletePassenger -->
        <test-method signature="checkStatusCode()[pri:1, instance:restAssured.testCases.TC008_Delete_Passenger_By_ID@3e58a80e]" started-at="2022-05-20T16:42:48 IST" name="checkStatusCode" finished-at="2022-05-20T16:42:48 IST" duration-ms="2" status="PASS">
          <reporter-output>
          </reporter-output>
        </test-method> <!-- checkStatusCode -->
        <test-method signature="checkResposeBody()[pri:2, instance:restAssured.testCases.TC008_Delete_Passenger_By_ID@3e58a80e]" started-at="2022-05-20T16:42:48 IST" name="checkResposeBody" finished-at="2022-05-20T16:42:48 IST" depends-on-methods="restAssured.testCases.TC008_Delete_Passenger_By_ID.checkStatusCode" duration-ms="14" status="PASS">
          <reporter-output>
          </reporter-output>
        </test-method> <!-- checkResposeBody -->
        <test-method signature="checkResponseTime()[pri:3, instance:restAssured.testCases.TC008_Delete_Passenger_By_ID@3e58a80e]" started-at="2022-05-20T16:42:48 IST" name="checkResponseTime" finished-at="2022-05-20T16:42:48 IST" depends-on-methods="restAssured.testCases.TC008_Delete_Passenger_By_ID.checkStatusCode" duration-ms="1" status="PASS">
          <reporter-output>
          </reporter-output>
        </test-method> <!-- checkResponseTime -->
        <test-method signature="checkstatusLine()[pri:4, instance:restAssured.testCases.TC008_Delete_Passenger_By_ID@3e58a80e]" started-at="2022-05-20T16:42:48 IST" name="checkstatusLine" finished-at="2022-05-20T16:42:48 IST" depends-on-methods="restAssured.testCases.TC008_Delete_Passenger_By_ID.checkStatusCode" duration-ms="1" status="PASS">
          <reporter-output>
          </reporter-output>
        </test-method> <!-- checkstatusLine -->
        <test-method signature="checkContentType()[pri:5, instance:restAssured.testCases.TC008_Delete_Passenger_By_ID@3e58a80e]" started-at="2022-05-20T16:42:48 IST" name="checkContentType" finished-at="2022-05-20T16:42:48 IST" depends-on-methods="restAssured.testCases.TC008_Delete_Passenger_By_ID.checkStatusCode" duration-ms="3" status="PASS">
          <reporter-output>
          </reporter-output>
        </test-method> <!-- checkContentType -->
        <test-method signature="checkContentLenght()[pri:6, instance:restAssured.testCases.TC008_Delete_Passenger_By_ID@3e58a80e]" started-at="2022-05-20T16:42:48 IST" name="checkContentLenght" finished-at="2022-05-20T16:42:48 IST" depends-on-methods="restAssured.testCases.TC008_Delete_Passenger_By_ID.checkStatusCode" duration-ms="1" status="PASS">
          <reporter-output>
          </reporter-output>
        </test-method> <!-- checkContentLenght -->
        <test-method is-config="true" signature="terminate()[pri:0, instance:restAssured.testCases.TC008_Delete_Passenger_By_ID@3e58a80e]" started-at="2022-05-20T16:42:48 IST" name="terminate" finished-at="2022-05-20T16:42:48 IST" duration-ms="0" status="PASS">
          <reporter-output>
          </reporter-output>
        </test-method> <!-- terminate -->
      </class> <!-- restAssured.testCases.TC008_Delete_Passenger_By_ID -->
      <class name="restAssured.testCases.TC006_Put_Passenger_By_ID">
        <test-method is-config="true" signature="setup()[pri:0, instance:restAssured.testCases.TC006_Put_Passenger_By_ID@a514af7]" started-at="2022-05-20T16:42:46 IST" name="setup" finished-at="2022-05-20T16:42:46 IST" duration-ms="9" status="PASS">
          <reporter-output>
          </reporter-output>
        </test-method> <!-- setup -->
        <test-method is-config="true" signature="updatePassenger()[pri:0, instance:restAssured.testCases.TC006_Put_Passenger_By_ID@a514af7]" started-at="2022-05-20T16:42:46 IST" name="updatePassenger" finished-at="2022-05-20T16:42:46 IST" duration-ms="805" status="PASS">
          <reporter-output>
          </reporter-output>
        </test-method> <!-- updatePassenger -->
        <test-method signature="checkStatusCode()[pri:1, instance:restAssured.testCases.TC006_Put_Passenger_By_ID@a514af7]" started-at="2022-05-20T16:42:46 IST" name="checkStatusCode" finished-at="2022-05-20T16:42:46 IST" duration-ms="2" status="PASS">
          <reporter-output>
          </reporter-output>
        </test-method> <!-- checkStatusCode -->
        <test-method signature="checkResposeBody()[pri:2, instance:restAssured.testCases.TC006_Put_Passenger_By_ID@a514af7]" started-at="2022-05-20T16:42:46 IST" name="checkResposeBody" finished-at="2022-05-20T16:42:46 IST" depends-on-methods="restAssured.testCases.TC006_Put_Passenger_By_ID.checkStatusCode" duration-ms="23" status="PASS">
          <reporter-output>
          </reporter-output>
        </test-method> <!-- checkResposeBody -->
        <test-method signature="checkResponseTime()[pri:3, instance:restAssured.testCases.TC006_Put_Passenger_By_ID@a514af7]" started-at="2022-05-20T16:42:46 IST" name="checkResponseTime" finished-at="2022-05-20T16:42:46 IST" depends-on-methods="restAssured.testCases.TC006_Put_Passenger_By_ID.checkStatusCode" duration-ms="2" status="PASS">
          <reporter-output>
          </reporter-output>
        </test-method> <!-- checkResponseTime -->
        <test-method signature="checkstatusLine()[pri:4, instance:restAssured.testCases.TC006_Put_Passenger_By_ID@a514af7]" started-at="2022-05-20T16:42:46 IST" name="checkstatusLine" finished-at="2022-05-20T16:42:46 IST" depends-on-methods="restAssured.testCases.TC006_Put_Passenger_By_ID.checkStatusCode" duration-ms="2" status="PASS">
          <reporter-output>
          </reporter-output>
        </test-method> <!-- checkstatusLine -->
        <test-method signature="checkContentType()[pri:5, instance:restAssured.testCases.TC006_Put_Passenger_By_ID@a514af7]" started-at="2022-05-20T16:42:46 IST" name="checkContentType" finished-at="2022-05-20T16:42:46 IST" depends-on-methods="restAssured.testCases.TC006_Put_Passenger_By_ID.checkStatusCode" duration-ms="1" status="PASS">
          <reporter-output>
          </reporter-output>
        </test-method> <!-- checkContentType -->
        <test-method signature="checkContentLenght()[pri:6, instance:restAssured.testCases.TC006_Put_Passenger_By_ID@a514af7]" started-at="2022-05-20T16:42:46 IST" name="checkContentLenght" finished-at="2022-05-20T16:42:46 IST" depends-on-methods="restAssured.testCases.TC006_Put_Passenger_By_ID.checkStatusCode" duration-ms="1" status="PASS">
          <reporter-output>
          </reporter-output>
        </test-method> <!-- checkContentLenght -->
        <test-method is-config="true" signature="terminate()[pri:0, instance:restAssured.testCases.TC006_Put_Passenger_By_ID@a514af7]" started-at="2022-05-20T16:42:46 IST" name="terminate" finished-at="2022-05-20T16:42:46 IST" duration-ms="1" status="PASS">
          <reporter-output>
          </reporter-output>
        </test-method> <!-- terminate -->
      </class> <!-- restAssured.testCases.TC006_Put_Passenger_By_ID -->
      <class name="restAssured.testCases.TC007_Patch_Passenger_By_ID">
        <test-method is-config="true" signature="setup()[pri:0, instance:restAssured.testCases.TC007_Patch_Passenger_By_ID@6b927fb]" started-at="2022-05-20T16:42:46 IST" name="setup" finished-at="2022-05-20T16:42:46 IST" duration-ms="5" status="PASS">
          <reporter-output>
          </reporter-output>
        </test-method> <!-- setup -->
        <test-method is-config="true" signature="updatePassengerPartially()[pri:0, instance:restAssured.testCases.TC007_Patch_Passenger_By_ID@6b927fb]" started-at="2022-05-20T16:42:46 IST" name="updatePassengerPartially" finished-at="2022-05-20T16:42:47 IST" duration-ms="740" status="PASS">
          <reporter-output>
          </reporter-output>
        </test-method> <!-- updatePassengerPartially -->
        <test-method signature="checkStatusCode()[pri:1, instance:restAssured.testCases.TC007_Patch_Passenger_By_ID@6b927fb]" started-at="2022-05-20T16:42:47 IST" name="checkStatusCode" finished-at="2022-05-20T16:42:47 IST" duration-ms="3" status="PASS">
          <reporter-output>
          </reporter-output>
        </test-method> <!-- checkStatusCode -->
        <test-method signature="checkResposeBody()[pri:2, instance:restAssured.testCases.TC007_Patch_Passenger_By_ID@6b927fb]" started-at="2022-05-20T16:42:47 IST" name="checkResposeBody" finished-at="2022-05-20T16:42:47 IST" depends-on-methods="restAssured.testCases.TC007_Patch_Passenger_By_ID.checkStatusCode" duration-ms="19" status="PASS">
          <reporter-output>
          </reporter-output>
        </test-method> <!-- checkResposeBody -->
        <test-method signature="checkResponseTime()[pri:3, instance:restAssured.testCases.TC007_Patch_Passenger_By_ID@6b927fb]" started-at="2022-05-20T16:42:47 IST" name="checkResponseTime" finished-at="2022-05-20T16:42:47 IST" depends-on-methods="restAssured.testCases.TC007_Patch_Passenger_By_ID.checkStatusCode" duration-ms="1" status="PASS">
          <reporter-output>
          </reporter-output>
        </test-method> <!-- checkResponseTime -->
        <test-method signature="checkstatusLine()[pri:4, instance:restAssured.testCases.TC007_Patch_Passenger_By_ID@6b927fb]" started-at="2022-05-20T16:42:47 IST" name="checkstatusLine" finished-at="2022-05-20T16:42:47 IST" depends-on-methods="restAssured.testCases.TC007_Patch_Passenger_By_ID.checkStatusCode" duration-ms="3" status="PASS">
          <reporter-output>
          </reporter-output>
        </test-method> <!-- checkstatusLine -->
        <test-method signature="checkContentType()[pri:5, instance:restAssured.testCases.TC007_Patch_Passenger_By_ID@6b927fb]" started-at="2022-05-20T16:42:47 IST" name="checkContentType" finished-at="2022-05-20T16:42:47 IST" depends-on-methods="restAssured.testCases.TC007_Patch_Passenger_By_ID.checkStatusCode" duration-ms="3" status="PASS">
          <reporter-output>
          </reporter-output>
        </test-method> <!-- checkContentType -->
        <test-method signature="checkContentLenght()[pri:6, instance:restAssured.testCases.TC007_Patch_Passenger_By_ID@6b927fb]" started-at="2022-05-20T16:42:47 IST" name="checkContentLenght" finished-at="2022-05-20T16:42:47 IST" depends-on-methods="restAssured.testCases.TC007_Patch_Passenger_By_ID.checkStatusCode" duration-ms="5" status="PASS">
          <reporter-output>
          </reporter-output>
        </test-method> <!-- checkContentLenght -->
        <test-method is-config="true" signature="terminate()[pri:0, instance:restAssured.testCases.TC007_Patch_Passenger_By_ID@6b927fb]" started-at="2022-05-20T16:42:47 IST" name="terminate" finished-at="2022-05-20T16:42:47 IST" duration-ms="1" status="PASS">
          <reporter-output>
          </reporter-output>
        </test-method> <!-- terminate -->
      </class> <!-- restAssured.testCases.TC007_Patch_Passenger_By_ID -->
      <class name="restAssured.testCases.TC002_Get_Single_Airline_Record">
        <test-method is-config="true" signature="setup()[pri:0, instance:restAssured.testCases.TC002_Get_Single_Airline_Record@6356695f]" started-at="2022-05-20T16:42:42 IST" name="setup" finished-at="2022-05-20T16:42:42 IST" duration-ms="11" status="PASS">
          <reporter-output>
          </reporter-output>
        </test-method> <!-- setup -->
        <test-method is-config="true" signature="getAirlineDatabyID()[pri:0, instance:restAssured.testCases.TC002_Get_Single_Airline_Record@6356695f]" started-at="2022-05-20T16:42:42 IST" name="getAirlineDatabyID" finished-at="2022-05-20T16:42:43 IST" duration-ms="752" status="PASS">
          <reporter-output>
          </reporter-output>
        </test-method> <!-- getAirlineDatabyID -->
        <test-method signature="checkStatusCode()[pri:1, instance:restAssured.testCases.TC002_Get_Single_Airline_Record@6356695f]" started-at="2022-05-20T16:42:43 IST" name="checkStatusCode" finished-at="2022-05-20T16:42:43 IST" duration-ms="4" status="PASS">
          <reporter-output>
          </reporter-output>
        </test-method> <!-- checkStatusCode -->
        <test-method signature="checkResposeBody()[pri:2, instance:restAssured.testCases.TC002_Get_Single_Airline_Record@6356695f]" started-at="2022-05-20T16:42:43 IST" name="checkResposeBody" finished-at="2022-05-20T16:42:43 IST" depends-on-methods="restAssured.testCases.TC002_Get_Single_Airline_Record.checkStatusCode" duration-ms="5" status="PASS">
          <reporter-output>
          </reporter-output>
        </test-method> <!-- checkResposeBody -->
        <test-method signature="checkResponseTime()[pri:3, instance:restAssured.testCases.TC002_Get_Single_Airline_Record@6356695f]" started-at="2022-05-20T16:42:43 IST" name="checkResponseTime" finished-at="2022-05-20T16:42:43 IST" depends-on-methods="restAssured.testCases.TC002_Get_Single_Airline_Record.checkStatusCode" duration-ms="3" status="PASS">
          <reporter-output>
          </reporter-output>
        </test-method> <!-- checkResponseTime -->
        <test-method signature="checkstatusLine()[pri:4, instance:restAssured.testCases.TC002_Get_Single_Airline_Record@6356695f]" started-at="2022-05-20T16:42:43 IST" name="checkstatusLine" finished-at="2022-05-20T16:42:43 IST" depends-on-methods="restAssured.testCases.TC002_Get_Single_Airline_Record.checkStatusCode" duration-ms="1" status="PASS">
          <reporter-output>
          </reporter-output>
        </test-method> <!-- checkstatusLine -->
        <test-method signature="checkContentType()[pri:5, instance:restAssured.testCases.TC002_Get_Single_Airline_Record@6356695f]" started-at="2022-05-20T16:42:43 IST" name="checkContentType" finished-at="2022-05-20T16:42:43 IST" depends-on-methods="restAssured.testCases.TC002_Get_Single_Airline_Record.checkStatusCode" duration-ms="1" status="PASS">
          <reporter-output>
          </reporter-output>
        </test-method> <!-- checkContentType -->
        <test-method signature="checkContentLenght()[pri:6, instance:restAssured.testCases.TC002_Get_Single_Airline_Record@6356695f]" started-at="2022-05-20T16:42:43 IST" name="checkContentLenght" finished-at="2022-05-20T16:42:43 IST" depends-on-methods="restAssured.testCases.TC002_Get_Single_Airline_Record.checkStatusCode" duration-ms="1" status="PASS">
          <reporter-output>
          </reporter-output>
        </test-method> <!-- checkContentLenght -->
        <test-method is-config="true" signature="terminate()[pri:0, instance:restAssured.testCases.TC002_Get_Single_Airline_Record@6356695f]" started-at="2022-05-20T16:42:43 IST" name="terminate" finished-at="2022-05-20T16:42:43 IST" duration-ms="1" status="PASS">
          <reporter-output>
          </reporter-output>
        </test-method> <!-- terminate -->
      </class> <!-- restAssured.testCases.TC002_Get_Single_Airline_Record -->
      <class name="restAssured.testCases.TC004_Get_Passenger_By_ID">
        <test-method is-config="true" signature="setup()[pri:0, instance:restAssured.testCases.TC004_Get_Passenger_By_ID@1fa268de]" started-at="2022-05-20T16:42:43 IST" name="setup" finished-at="2022-05-20T16:42:43 IST" duration-ms="13" status="PASS">
          <reporter-output>
          </reporter-output>
        </test-method> <!-- setup -->
        <test-method is-config="true" signature="getPassengerData()[pri:0, instance:restAssured.testCases.TC004_Get_Passenger_By_ID@1fa268de]" started-at="2022-05-20T16:42:43 IST" name="getPassengerData" finished-at="2022-05-20T16:42:44 IST" duration-ms="719" status="PASS">
          <reporter-output>
          </reporter-output>
        </test-method> <!-- getPassengerData -->
        <test-method signature="checkStatusCode()[pri:1, instance:restAssured.testCases.TC004_Get_Passenger_By_ID@1fa268de]" started-at="2022-05-20T16:42:44 IST" name="checkStatusCode" finished-at="2022-05-20T16:42:44 IST" duration-ms="2" status="PASS">
          <reporter-output>
          </reporter-output>
        </test-method> <!-- checkStatusCode -->
        <test-method signature="checkResposeBody()[pri:2, instance:restAssured.testCases.TC004_Get_Passenger_By_ID@1fa268de]" started-at="2022-05-20T16:42:44 IST" name="checkResposeBody" finished-at="2022-05-20T16:42:44 IST" depends-on-methods="restAssured.testCases.TC004_Get_Passenger_By_ID.checkStatusCode" duration-ms="2" status="PASS">
          <reporter-output>
          </reporter-output>
        </test-method> <!-- checkResposeBody -->
        <test-method signature="checkResponseTime()[pri:3, instance:restAssured.testCases.TC004_Get_Passenger_By_ID@1fa268de]" started-at="2022-05-20T16:42:44 IST" name="checkResponseTime" finished-at="2022-05-20T16:42:44 IST" depends-on-methods="restAssured.testCases.TC004_Get_Passenger_By_ID.checkStatusCode" duration-ms="1" status="PASS">
          <reporter-output>
          </reporter-output>
        </test-method> <!-- checkResponseTime -->
        <test-method signature="checkstatusLine()[pri:4, instance:restAssured.testCases.TC004_Get_Passenger_By_ID@1fa268de]" started-at="2022-05-20T16:42:44 IST" name="checkstatusLine" finished-at="2022-05-20T16:42:44 IST" depends-on-methods="restAssured.testCases.TC004_Get_Passenger_By_ID.checkStatusCode" duration-ms="2" status="PASS">
          <reporter-output>
          </reporter-output>
        </test-method> <!-- checkstatusLine -->
        <test-method signature="checkContentType()[pri:5, instance:restAssured.testCases.TC004_Get_Passenger_By_ID@1fa268de]" started-at="2022-05-20T16:42:44 IST" name="checkContentType" finished-at="2022-05-20T16:42:44 IST" depends-on-methods="restAssured.testCases.TC004_Get_Passenger_By_ID.checkStatusCode" duration-ms="2" status="PASS">
          <reporter-output>
          </reporter-output>
        </test-method> <!-- checkContentType -->
        <test-method signature="checkContentLenght()[pri:6, instance:restAssured.testCases.TC004_Get_Passenger_By_ID@1fa268de]" started-at="2022-05-20T16:42:44 IST" name="checkContentLenght" finished-at="2022-05-20T16:42:44 IST" depends-on-methods="restAssured.testCases.TC004_Get_Passenger_By_ID.checkStatusCode" duration-ms="1" status="PASS">
          <reporter-output>
          </reporter-output>
        </test-method> <!-- checkContentLenght -->
        <test-method is-config="true" signature="terminate()[pri:0, instance:restAssured.testCases.TC004_Get_Passenger_By_ID@1fa268de]" started-at="2022-05-20T16:42:44 IST" name="terminate" finished-at="2022-05-20T16:42:44 IST" duration-ms="1" status="PASS">
          <reporter-output>
          </reporter-output>
        </test-method> <!-- terminate -->
      </class> <!-- restAssured.testCases.TC004_Get_Passenger_By_ID -->
      <class name="restAssured.testCases.TC003_Post_Airline_Record">
        <test-method is-config="true" signature="setup()[pri:0, instance:restAssured.testCases.TC003_Post_Airline_Record@4f18837a]" started-at="2022-05-20T16:42:43 IST" name="setup" finished-at="2022-05-20T16:42:43 IST" duration-ms="4" status="PASS">
          <reporter-output>
          </reporter-output>
        </test-method> <!-- setup -->
        <test-method is-config="true" signature="createAirline()[pri:0, instance:restAssured.testCases.TC003_Post_Airline_Record@4f18837a]" started-at="2022-05-20T16:42:43 IST" name="createAirline" finished-at="2022-05-20T16:42:43 IST" duration-ms="767" status="PASS">
          <reporter-output>
          </reporter-output>
        </test-method> <!-- createAirline -->
        <test-method signature="checkStatusCode()[pri:1, instance:restAssured.testCases.TC003_Post_Airline_Record@4f18837a]" started-at="2022-05-20T16:42:43 IST" name="checkStatusCode" finished-at="2022-05-20T16:42:43 IST" duration-ms="3" status="PASS">
          <reporter-output>
          </reporter-output>
        </test-method> <!-- checkStatusCode -->
        <test-method signature="checkResposeBody()[pri:2, instance:restAssured.testCases.TC003_Post_Airline_Record@4f18837a]" started-at="2022-05-20T16:42:43 IST" name="checkResposeBody" finished-at="2022-05-20T16:42:43 IST" depends-on-methods="restAssured.testCases.TC003_Post_Airline_Record.checkStatusCode" duration-ms="32" status="PASS">
          <reporter-output>
          </reporter-output>
        </test-method> <!-- checkResposeBody -->
        <test-method signature="checkResponseTime()[pri:3, instance:restAssured.testCases.TC003_Post_Airline_Record@4f18837a]" started-at="2022-05-20T16:42:43 IST" name="checkResponseTime" finished-at="2022-05-20T16:42:43 IST" depends-on-methods="restAssured.testCases.TC003_Post_Airline_Record.checkStatusCode" duration-ms="1" status="PASS">
          <reporter-output>
          </reporter-output>
        </test-method> <!-- checkResponseTime -->
        <test-method signature="checkstatusLine()[pri:4, instance:restAssured.testCases.TC003_Post_Airline_Record@4f18837a]" started-at="2022-05-20T16:42:43 IST" name="checkstatusLine" finished-at="2022-05-20T16:42:43 IST" depends-on-methods="restAssured.testCases.TC003_Post_Airline_Record.checkStatusCode" duration-ms="2" status="PASS">
          <reporter-output>
          </reporter-output>
        </test-method> <!-- checkstatusLine -->
        <test-method signature="checkContentType()[pri:5, instance:restAssured.testCases.TC003_Post_Airline_Record@4f18837a]" started-at="2022-05-20T16:42:43 IST" name="checkContentType" finished-at="2022-05-20T16:42:43 IST" depends-on-methods="restAssured.testCases.TC003_Post_Airline_Record.checkStatusCode" duration-ms="1" status="PASS">
          <reporter-output>
          </reporter-output>
        </test-method> <!-- checkContentType -->
        <test-method signature="checkContentLenght()[pri:6, instance:restAssured.testCases.TC003_Post_Airline_Record@4f18837a]" started-at="2022-05-20T16:42:43 IST" name="checkContentLenght" finished-at="2022-05-20T16:42:43 IST" depends-on-methods="restAssured.testCases.TC003_Post_Airline_Record.checkStatusCode" duration-ms="3" status="PASS">
          <reporter-output>
          </reporter-output>
        </test-method> <!-- checkContentLenght -->
        <test-method is-config="true" signature="terminate()[pri:0, instance:restAssured.testCases.TC003_Post_Airline_Record@4f18837a]" started-at="2022-05-20T16:42:43 IST" name="terminate" finished-at="2022-05-20T16:42:43 IST" duration-ms="1" status="PASS">
          <reporter-output>
          </reporter-output>
        </test-method> <!-- terminate -->
      </class> <!-- restAssured.testCases.TC003_Post_Airline_Record -->
    </test> <!-- Test -->
  </suite> <!-- Suite -->
</testng-results>
