<?xml version="1.0" encoding="UTF-8"?>
<testng-results ignored="0" total="1" passed="1" failed="0" skipped="0">
  <reporter-output>
  </reporter-output>
  <suite started-at="2022-04-07T14:20:42 IST" name="BankingAppTest" finished-at="2022-04-07T14:21:06 IST" duration-ms="24638">
    <groups>
    </groups>
    <test started-at="2022-04-07T14:20:42 IST" name="BankingApp Test" finished-at="2022-04-07T14:21:06 IST" duration-ms="24638">
      <class name="banking.testCases.TC_LoginTest_001">
        <test-method is-config="true" signature="setup(java.lang.String)[pri:0, instance:banking.testCases.TC_LoginTest_001@12b0404f]" started-at="2022-04-07T14:20:42 IST" name="setup" finished-at="2022-04-07T14:20:59 IST" duration-ms="17536" status="PASS">
          <params>
            <param index="0">
              <value>
                <![CDATA[chrome]]>
              </value>
            </param>
          </params>
          <reporter-output>
          </reporter-output>
        </test-method> <!-- setup -->
        <test-method signature="loginTest()[pri:0, instance:banking.testCases.TC_LoginTest_001@12b0404f]" started-at="2022-04-07T14:20:59 IST" name="loginTest" finished-at="2022-04-07T14:21:06 IST" duration-ms="6433" status="PASS">
          <reporter-output>
          </reporter-output>
        </test-method> <!-- loginTest -->
        <test-method is-config="true" signature="tearDown()[pri:0, instance:banking.testCases.TC_LoginTest_001@12b0404f]" started-at="2022-04-07T14:21:06 IST" name="tearDown" finished-at="2022-04-07T14:21:06 IST" duration-ms="601" status="PASS">
          <reporter-output>
          </reporter-output>
        </test-method> <!-- tearDown -->
      </class> <!-- banking.testCases.TC_LoginTest_001 -->
    </test> <!-- BankingApp Test -->
  </suite> <!-- BankingAppTest -->
</testng-results>
